<?xml version="1.0" encoding="UTF-8"?>
<testng-results ignored="0" total="7" passed="7" failed="0" skipped="0">
  <reporter-output>
  </reporter-output>
  <suite started-at="2022-11-16T16:31:34 GMT" name="RestFullProject" finished-at="2022-11-16T16:31:51 GMT" duration-ms="16783">
    <groups>
    </groups>
    <test started-at="2022-11-16T16:31:34 GMT" name="GetBookingIds" finished-at="2022-11-16T16:31:43 GMT" duration-ms="8176">
      <class name="com.restfulautomation.testscripts.GetBookingIds">
        <test-method signature="getBookingIds(java.lang.String)[pri:0, instance:com.restfulautomation.testscripts.GetBookingIds@bd4dc25]" started-at="2022-11-16T16:31:35 GMT" name="getBookingIds" finished-at="2022-11-16T16:31:43 GMT" duration-ms="8043" status="PASS">
          <params>
            <param index="0">
              <value>
                <![CDATA[https://restful-booker.herokuapp.com]]>
              </value>
            </param>
          </params>
          <reporter-output>
          </reporter-output>
        </test-method> <!-- getBookingIds -->
      </class> <!-- com.restfulautomation.testscripts.GetBookingIds -->
    </test> <!-- GetBookingIds -->
    <test started-at="2022-11-16T16:31:43 GMT" name="CreateBooking" finished-at="2022-11-16T16:31:49 GMT" duration-ms="5957">
      <class name="com.restfulautomation.testscripts.CreateBooking">
        <test-method signature="createBooking(java.lang.String,java.lang.String,java.lang.String,java.lang.String,java.lang.String,java.lang.String,java.lang.String)[pri:0, instance:com.restfulautomation.testscripts.CreateBooking@4c1909a3]" started-at="2022-11-16T16:31:45 GMT" name="createBooking" data-provider="testData" finished-at="2022-11-16T16:31:48 GMT" duration-ms="2822" status="PASS">
          <params>
            <param index="0">
              <value>
                <![CDATA[Jim]]>
              </value>
            </param>
            <param index="1">
              <value>
                <![CDATA[AAA]]>
              </value>
            </param>
            <param index="2">
              <value>
                <![CDATA[111]]>
              </value>
            </param>
            <param index="3">
              <value>
                <![CDATA[TRUE]]>
              </value>
            </param>
            <param index="4">
              <value>
                <![CDATA[2018-01-01]]>
              </value>
            </param>
            <param index="5">
              <value>
                <![CDATA[2019-01-01]]>
              </value>
            </param>
            <param index="6">
              <value>
                <![CDATA[Breakfast]]>
              </value>
            </param>
          </params>
          <reporter-output>
          </reporter-output>
        </test-method> <!-- createBooking -->
        <test-method signature="createBooking(java.lang.String,java.lang.String,java.lang.String,java.lang.String,java.lang.String,java.lang.String,java.lang.String)[pri:0, instance:com.restfulautomation.testscripts.CreateBooking@4c1909a3]" started-at="2022-11-16T16:31:48 GMT" name="createBooking" data-provider="testData" finished-at="2022-11-16T16:31:49 GMT" duration-ms="997" status="PASS">
          <params>
            <param index="0">
              <value>
                <![CDATA[Jim1]]>
              </value>
            </param>
            <param index="1">
              <value>
                <![CDATA[AAA1]]>
              </value>
            </param>
            <param index="2">
              <value>
                <![CDATA[222]]>
              </value>
            </param>
            <param index="3">
              <value>
                <![CDATA[TRUE]]>
              </value>
            </param>
            <param index="4">
              <value>
                <![CDATA[2018-01-01]]>
              </value>
            </param>
            <param index="5">
              <value>
                <![CDATA[2019-01-01]]>
              </value>
            </param>
            <param index="6">
              <value>
                <![CDATA[Breakfast]]>
              </value>
            </param>
          </params>
          <reporter-output>
          </reporter-output>
        </test-method> <!-- createBooking -->
      </class> <!-- com.restfulautomation.testscripts.CreateBooking -->
    </test> <!-- CreateBooking -->
    <test started-at="2022-11-16T16:31:49 GMT" name="CreateToken" finished-at="2022-11-16T16:31:49 GMT" duration-ms="540">
      <class name="com.restfulautomation.testscripts.CreateToken">
        <test-method signature="createToken(java.lang.String)[pri:0, instance:com.restfulautomation.testscripts.CreateToken@6bd61f98]" started-at="2022-11-16T16:31:49 GMT" name="createToken" finished-at="2022-11-16T16:31:49 GMT" duration-ms="532" status="PASS">
          <params>
            <param index="0">
              <value>
                <![CDATA[https://restful-booker.herokuapp.com]]>
              </value>
            </param>
          </params>
          <reporter-output>
          </reporter-output>
        </test-method> <!-- createToken -->
      </class> <!-- com.restfulautomation.testscripts.CreateToken -->
    </test> <!-- CreateToken -->
    <test started-at="2022-11-16T16:31:49 GMT" name="GetBooking" finished-at="2022-11-16T16:31:50 GMT" duration-ms="524">
      <class name="com.restfulautomation.testscripts.GetBooking">
        <test-method signature="getBooking(java.lang.String)[pri:0, instance:com.restfulautomation.testscripts.GetBooking@54e1c68b]" started-at="2022-11-16T16:31:49 GMT" name="getBooking" finished-at="2022-11-16T16:31:50 GMT" duration-ms="490" status="PASS">
          <params>
            <param index="0">
              <value>
                <![CDATA[https://restful-booker.herokuapp.com]]>
              </value>
            </param>
          </params>
          <reporter-output>
          </reporter-output>
        </test-method> <!-- getBooking -->
      </class> <!-- com.restfulautomation.testscripts.GetBooking -->
    </test> <!-- GetBooking -->
    <test started-at="2022-11-16T16:31:50 GMT" name="UpdateBooking" finished-at="2022-11-16T16:31:51 GMT" duration-ms="580">
      <class name="com.restfulautomation.testscripts.UpdateBooking">
        <test-method signature="updateBooking()[pri:0, instance:com.restfulautomation.testscripts.UpdateBooking@73e9cf30]" started-at="2022-11-16T16:31:50 GMT" name="updateBooking" finished-at="2022-11-16T16:31:51 GMT" duration-ms="573" status="PASS">
          <reporter-output>
          </reporter-output>
        </test-method> <!-- updateBooking -->
      </class> <!-- com.restfulautomation.testscripts.UpdateBooking -->
    </test> <!-- UpdateBooking -->
    <test started-at="2022-11-16T16:31:51 GMT" name="PartialUpdate" finished-at="2022-11-16T16:31:51 GMT" duration-ms="563">
      <class name="com.restfulautomation.testscripts.PartialUpdate">
        <test-method signature="partialUpdate()[pri:0, instance:com.restfulautomation.testscripts.PartialUpdate@1ed6388a]" started-at="2022-11-16T16:31:51 GMT" name="partialUpdate" finished-at="2022-11-16T16:31:51 GMT" duration-ms="557" status="PASS">
          <reporter-output>
          </reporter-output>
        </test-method> <!-- partialUpdate -->
      </class> <!-- com.restfulautomation.testscripts.PartialUpdate -->
    </test> <!-- PartialUpdate -->
  </suite> <!-- RestFullProject -->
</testng-results>
