<?xml version="1.0" encoding="UTF-8"?>
<testng-results ignored="0" total="5" passed="5" failed="0" skipped="0">
  <reporter-output>
  </reporter-output>
  <suite started-at="2022-11-24T13:44:56 GMT" name="Default suite" finished-at="2022-11-24T13:45:12 GMT" duration-ms="16043">
    <groups>
    </groups>
    <test started-at="2022-11-24T13:44:56 GMT" name="Default test" finished-at="2022-11-24T13:45:12 GMT" duration-ms="16043">
      <class name="com.restfulautomation.testscripts.CreateBooking">
        <test-method signature="createBooking(java.lang.String,java.lang.String,java.lang.String,java.lang.String,java.lang.String,java.lang.String,java.lang.String)[pri:0, instance:com.restfulautomation.testscripts.CreateBooking@6da21078]" started-at="2022-11-24T13:45:00 GMT" name="createBooking" data-provider="testData" finished-at="2022-11-24T13:45:09 GMT" duration-ms="9394" status="PASS">
          <params>
            <param index="0">
              <value>
                <![CDATA[Jim]]>
              </value>
            </param>
            <param index="1">
              <value>
                <![CDATA[AAA]]>
              </value>
            </param>
            <param index="2">
              <value>
                <![CDATA[111]]>
              </value>
            </param>
            <param index="3">
              <value>
                <![CDATA[TRUE]]>
              </value>
            </param>
            <param index="4">
              <value>
                <![CDATA[2018-01-01]]>
              </value>
            </param>
            <param index="5">
              <value>
                <![CDATA[2019-01-01]]>
              </value>
            </param>
            <param index="6">
              <value>
                <![CDATA[Breakfast]]>
              </value>
            </param>
          </params>
          <reporter-output>
          </reporter-output>
        </test-method> <!-- createBooking -->
        <test-method signature="createBooking(java.lang.String,java.lang.String,java.lang.String,java.lang.String,java.lang.String,java.lang.String,java.lang.String)[pri:0, instance:com.restfulautomation.testscripts.CreateBooking@6da21078]" started-at="2022-11-24T13:45:09 GMT" name="createBooking" data-provider="testData" finished-at="2022-11-24T13:45:10 GMT" duration-ms="578" status="PASS">
          <params>
            <param index="0">
              <value>
                <![CDATA[Jim]]>
              </value>
            </param>
            <param index="1">
              <value>
                <![CDATA[AAA]]>
              </value>
            </param>
            <param index="2">
              <value>
                <![CDATA[111]]>
              </value>
            </param>
            <param index="3">
              <value>
                <![CDATA[TRUE]]>
              </value>
            </param>
            <param index="4">
              <value>
                <![CDATA[2018-01-01]]>
              </value>
            </param>
            <param index="5">
              <value>
                <![CDATA[2019-01-01]]>
              </value>
            </param>
            <param index="6">
              <value>
                <![CDATA[Breakfast]]>
              </value>
            </param>
          </params>
          <reporter-output>
          </reporter-output>
        </test-method> <!-- createBooking -->
        <test-method signature="createBooking(java.lang.String,java.lang.String,java.lang.String,java.lang.String,java.lang.String,java.lang.String,java.lang.String)[pri:0, instance:com.restfulautomation.testscripts.CreateBooking@6da21078]" started-at="2022-11-24T13:45:10 GMT" name="createBooking" data-provider="testData" finished-at="2022-11-24T13:45:11 GMT" duration-ms="583" status="PASS">
          <params>
            <param index="0">
              <value>
                <![CDATA[Jim]]>
              </value>
            </param>
            <param index="1">
              <value>
                <![CDATA[AAA]]>
              </value>
            </param>
            <param index="2">
              <value>
                <![CDATA[111]]>
              </value>
            </param>
            <param index="3">
              <value>
                <![CDATA[TRUE]]>
              </value>
            </param>
            <param index="4">
              <value>
                <![CDATA[2018-01-01]]>
              </value>
            </param>
            <param index="5">
              <value>
                <![CDATA[2019-01-01]]>
              </value>
            </param>
            <param index="6">
              <value>
                <![CDATA[Breakfast]]>
              </value>
            </param>
          </params>
          <reporter-output>
          </reporter-output>
        </test-method> <!-- createBooking -->
        <test-method signature="createBooking(java.lang.String,java.lang.String,java.lang.String,java.lang.String,java.lang.String,java.lang.String,java.lang.String)[pri:0, instance:com.restfulautomation.testscripts.CreateBooking@6da21078]" started-at="2022-11-24T13:45:11 GMT" name="createBooking" data-provider="testData" finished-at="2022-11-24T13:45:11 GMT" duration-ms="556" status="PASS">
          <params>
            <param index="0">
              <value>
                <![CDATA[Jim]]>
              </value>
            </param>
            <param index="1">
              <value>
                <![CDATA[AAA]]>
              </value>
            </param>
            <param index="2">
              <value>
                <![CDATA[111]]>
              </value>
            </param>
            <param index="3">
              <value>
                <![CDATA[TRUE]]>
              </value>
            </param>
            <param index="4">
              <value>
                <![CDATA[2018-01-01]]>
              </value>
            </param>
            <param index="5">
              <value>
                <![CDATA[2019-01-01]]>
              </value>
            </param>
            <param index="6">
              <value>
                <![CDATA[Breakfast]]>
              </value>
            </param>
          </params>
          <reporter-output>
          </reporter-output>
        </test-method> <!-- createBooking -->
        <test-method signature="createBooking(java.lang.String,java.lang.String,java.lang.String,java.lang.String,java.lang.String,java.lang.String,java.lang.String)[pri:0, instance:com.restfulautomation.testscripts.CreateBooking@6da21078]" started-at="2022-11-24T13:45:11 GMT" name="createBooking" data-provider="testData" finished-at="2022-11-24T13:45:12 GMT" duration-ms="574" status="PASS">
          <params>
            <param index="0">
              <value>
                <![CDATA[Jim]]>
              </value>
            </param>
            <param index="1">
              <value>
                <![CDATA[AAA]]>
              </value>
            </param>
            <param index="2">
              <value>
                <![CDATA[111]]>
              </value>
            </param>
            <param index="3">
              <value>
                <![CDATA[TRUE]]>
              </value>
            </param>
            <param index="4">
              <value>
                <![CDATA[2018-01-01]]>
              </value>
            </param>
            <param index="5">
              <value>
                <![CDATA[2019-01-01]]>
              </value>
            </param>
            <param index="6">
              <value>
                <![CDATA[Breakfast]]>
              </value>
            </param>
          </params>
          <reporter-output>
          </reporter-output>
        </test-method> <!-- createBooking -->
      </class> <!-- com.restfulautomation.testscripts.CreateBooking -->
    </test> <!-- Default test -->
  </suite> <!-- Default suite -->
</testng-results>
