<?xml version="1.0" encoding="UTF-8"?>
<!-- Generated by org.testng.reporters.JUnitXMLReporter -->
<testsuite ignored="0" hostname="DESKTOP-NF3J3DA" failures="0" tests="5" name="Default test" time="16.043" errors="0" timestamp="2022-11-24T13:45:12 GMT">
  <testcase classname="com.restfulautomation.testscripts.CreateBooking" name="createBooking" time="9.394"/>
  <testcase classname="com.restfulautomation.testscripts.CreateBooking" name="createBooking" time="0.578"/>
  <testcase classname="com.restfulautomation.testscripts.CreateBooking" name="createBooking" time="0.583"/>
  <testcase classname="com.restfulautomation.testscripts.CreateBooking" name="createBooking" time="0.556"/>
  <testcase classname="com.restfulautomation.testscripts.CreateBooking" name="createBooking" time="0.574"/>
</testsuite> <!-- Default test -->
