<?xml version="1.0" encoding="UTF-8"?>
<!-- Generated by org.testng.reporters.JUnitXMLReporter -->
<testsuite ignored="0" hostname="DESKTOP-NF3J3DA" failures="0" tests="2" name="Default test" time="23.572" errors="0" timestamp="2022-11-16T01:01:32 GMT">
  <testcase classname="com.restfulautomation.testscripts.CreateBooking" name="createBooking" time="16.73"/>
  <testcase classname="com.restfulautomation.testscripts.CreateBooking" name="createBooking" time="4.24"/>
</testsuite> <!-- Default test -->
