<?xml version="1.0" encoding="UTF-8"?>
<!-- Generated by org.testng.reporters.JUnitXMLReporter -->
<testsuite ignored="0" hostname="DESKTOP-NF3J3DA" failures="0" tests="2" name="CreateBooking" time="5.957" errors="0" timestamp="2022-11-16T16:31:49 GMT">
  <testcase classname="com.restfulautomation.testscripts.CreateBooking" name="createBooking" time="2.822"/>
  <testcase classname="com.restfulautomation.testscripts.CreateBooking" name="createBooking" time="0.997"/>
</testsuite> <!-- CreateBooking -->
